2017-02-13 06:32:10 [127.0.0.1][-][v6c1ove159e6l07umketrsuq84][error][yii\web\HttpException:404] exception 'yii\base\InvalidRouteException' with message 'Unable to resolve the request: column/addcur' in D:\WWW\php-11\xiangmu\duoxue\advanced\vendor\yiisoft\yii2\base\Controller.php:125
Stack trace:
#0 D:\WWW\php-11\xiangmu\duoxue\advanced\vendor\yiisoft\yii2\base\Module.php(454): yii\base\Controller->runAction('addcur', Array)
#1 D:\WWW\php-11\xiangmu\duoxue\advanced\vendor\yiisoft\yii2\web\Application.php(100): yii\base\Module->runAction('column/addcur', Array)
#2 D:\WWW\php-11\xiangmu\duoxue\advanced\vendor\yiisoft\yii2\base\Application.php(375): yii\web\Application->handleRequest(Object(yii\web\Request))
#3 D:\WWW\php-11\xiangmu\duoxue\advanced\frontend\web\index.php(17): yii\base\Application->run()
#4 {main}

Next exception 'yii\web\NotFoundHttpException' with message 'Page not found.' in D:\WWW\php-11\xiangmu\duoxue\advanced\vendor\yiisoft\yii2\web\Application.php:112
Stack trace:
#0 D:\WWW\php-11\xiangmu\duoxue\advanced\vendor\yiisoft\yii2\base\Application.php(375): yii\web\Application->handleRequest(Object(yii\web\Request))
#1 D:\WWW\php-11\xiangmu\duoxue\advanced\frontend\web\index.php(17): yii\base\Application->run()
#2 {main}
2017-02-13 06:32:10 [127.0.0.1][-][v6c1ove159e6l07umketrsuq84][info][application] $_GET = [
    'r' => 'column/addcur'
]

$_COOKIE = [
    'Hm_lvt_7c2c4ab8a1436c0f67383fe9417819b7' => '1482925799'
    'Hm_lvt_8e22e0e9f539749531bf6948e1729842' => '1482925799'
    'CNZZDATA155540' => 'cnzz_eid=1845058142-1482922845-&ntime=1482993065'
    'AJSTAT_ok_times' => '1'
    '_trs_uv' => 'jcjs_6_ixwik931'
    '_trs_ua_s_1' => '5r8z_6_ixwik92w'
    'advanced-frontend' => 'v6c1ove159e6l07umketrsuq84'
    '_csrf-frontend' => 'f3cba94abdf603564027f7779282c89bbc808fb3f543cff7f4003837ca529300a:2:{i:0;s:14:\"_csrf-frontend\";i:1;s:32:\"DsrBiN80qN482g9_Qxh1nIYekZlvXeF5\";}'
]

$_SESSION = [
    '__flash' => []
    'code' => 'rwx7'
    'admin_name' => 'admin'
    'admin_id' => '1'
]

$_SERVER = [
    'HTTP_HOST' => 'www.wangzhentao.com'
    'HTTP_USER_AGENT' => 'Mozilla/5.0 (Windows NT 10.0; Win64; x64; rv:51.0) Gecko/20100101 Firefox/51.0'
    'HTTP_ACCEPT' => 'text/html,application/xhtml+xml,application/xml;q=0.9,*/*;q=0.8'
    'HTTP_ACCEPT_LANGUAGE' => 'zh-CN,zh;q=0.8,en-US;q=0.5,en;q=0.3'
    'HTTP_ACCEPT_ENCODING' => 'gzip, deflate'
    'HTTP_REFERER' => 'http://www.wangzhentao.com/php-11/xiangmu/duoxue/advanced/frontend/web/index.php?r=index/index'
    'HTTP_COOKIE' => 'Hm_lvt_7c2c4ab8a1436c0f67383fe9417819b7=1482925799; Hm_lvt_8e22e0e9f539749531bf6948e1729842=1482925799; CNZZDATA155540=cnzz_eid%3D1845058142-1482922845-%26ntime%3D1482993065; AJSTAT_ok_times=1; _trs_uv=jcjs_6_ixwik931; _trs_ua_s_1=5r8z_6_ixwik92w; advanced-frontend=v6c1ove159e6l07umketrsuq84; _csrf-frontend=f3cba94abdf603564027f7779282c89bbc808fb3f543cff7f4003837ca529300a%3A2%3A%7Bi%3A0%3Bs%3A14%3A%22_csrf-frontend%22%3Bi%3A1%3Bs%3A32%3A%22DsrBiN80qN482g9_Qxh1nIYekZlvXeF5%22%3B%7D'
    'HTTP_CONNECTION' => 'keep-alive'
    'HTTP_UPGRADE_INSECURE_REQUESTS' => '1'
    'PATH' => 'C:\\WINDOWS\\system32;C:\\WINDOWS;C:\\WINDOWS\\System32\\Wbem;C:\\WINDOWS\\System32\\WindowsPowerShell\\v1.0\\;C:\\Program Files (x86)\\AMD\\ATI.ACE\\Core-Static;C:\\Program Files (x86)\\ATI Technologies\\ATI.ACE\\Core-Static;;E:\\软件\\Git\\cmd;'
    'SystemRoot' => 'C:\\WINDOWS'
    'COMSPEC' => 'C:\\WINDOWS\\system32\\cmd.exe'
    'PATHEXT' => '.COM;.EXE;.BAT;.CMD;.VBS;.VBE;.JS;.JSE;.WSF;.WSH;.MSC'
    'WINDIR' => 'C:\\WINDOWS'
    'SERVER_SIGNATURE' => ''
    'SERVER_SOFTWARE' => 'Apache/2.4.23 (Win32) OpenSSL/1.0.2j PHP/5.5.38'
    'SERVER_NAME' => 'www.wangzhentao.com'
    'SERVER_ADDR' => '127.0.0.1'
    'SERVER_PORT' => '80'
    'REMOTE_ADDR' => '127.0.0.1'
    'DOCUMENT_ROOT' => 'D:/WWW'
    'REQUEST_SCHEME' => 'http'
    'CONTEXT_PREFIX' => ''
    'CONTEXT_DOCUMENT_ROOT' => 'D:/WWW'
    'SERVER_ADMIN' => 'admin@phpStudy.net'
    'SCRIPT_FILENAME' => 'D:/WWW/php-11/xiangmu/duoxue/advanced/frontend/web/index.php'
    'REMOTE_PORT' => '53367'
    'GATEWAY_INTERFACE' => 'CGI/1.1'
    'SERVER_PROTOCOL' => 'HTTP/1.1'
    'REQUEST_METHOD' => 'GET'
    'QUERY_STRING' => 'r=column%2Faddcur'
    'REQUEST_URI' => '/php-11/xiangmu/duoxue/advanced/frontend/web/index.php?r=column%2Faddcur'
    'SCRIPT_NAME' => '/php-11/xiangmu/duoxue/advanced/frontend/web/index.php'
    'PHP_SELF' => '/php-11/xiangmu/duoxue/advanced/frontend/web/index.php'
    'REQUEST_TIME_FLOAT' => 1486967530.736
    'REQUEST_TIME' => 1486967530
]
2017-02-13 06:43:25 [127.0.0.1][-][-][error][yii\base\ErrorException:1] exception 'yii\base\ErrorException' with message 'Class 'app\models\teacher' not found' in D:\WWW\php-11\xiangmu\duoxue\advanced\frontend\controllers\TeacherController.php:107
Stack trace:
#0 [internal function]: yii\base\ErrorHandler->handleFatalError()
#1 {main}
2017-02-13 06:43:25 [127.0.0.1][-][-][info][application] $_GET = [
    'r' => 'teacher/show'
]

$_COOKIE = [
    'Hm_lvt_7c2c4ab8a1436c0f67383fe9417819b7' => '1482925799'
    'Hm_lvt_8e22e0e9f539749531bf6948e1729842' => '1482925799'
    'CNZZDATA155540' => 'cnzz_eid=1845058142-1482922845-&ntime=1482993065'
    'AJSTAT_ok_times' => '1'
    '_trs_uv' => 'jcjs_6_ixwik931'
    '_trs_ua_s_1' => '5r8z_6_ixwik92w'
    'advanced-frontend' => 'v6c1ove159e6l07umketrsuq84'
    '_csrf-frontend' => 'f3cba94abdf603564027f7779282c89bbc808fb3f543cff7f4003837ca529300a:2:{i:0;s:14:\"_csrf-frontend\";i:1;s:32:\"DsrBiN80qN482g9_Qxh1nIYekZlvXeF5\";}'
]

$_SERVER = [
    'HTTP_HOST' => 'www.wangzhentao.com'
    'HTTP_USER_AGENT' => 'Mozilla/5.0 (Windows NT 10.0; Win64; x64; rv:51.0) Gecko/20100101 Firefox/51.0'
    'HTTP_ACCEPT' => 'text/html,application/xhtml+xml,application/xml;q=0.9,*/*;q=0.8'
    'HTTP_ACCEPT_LANGUAGE' => 'zh-CN,zh;q=0.8,en-US;q=0.5,en;q=0.3'
    'HTTP_ACCEPT_ENCODING' => 'gzip, deflate'
    'HTTP_REFERER' => 'http://www.wangzhentao.com/php-11/xiangmu/duoxue/advanced/frontend/web/index.php?r=index/index'
    'HTTP_COOKIE' => 'Hm_lvt_7c2c4ab8a1436c0f67383fe9417819b7=1482925799; Hm_lvt_8e22e0e9f539749531bf6948e1729842=1482925799; CNZZDATA155540=cnzz_eid%3D1845058142-1482922845-%26ntime%3D1482993065; AJSTAT_ok_times=1; _trs_uv=jcjs_6_ixwik931; _trs_ua_s_1=5r8z_6_ixwik92w; advanced-frontend=v6c1ove159e6l07umketrsuq84; _csrf-frontend=f3cba94abdf603564027f7779282c89bbc808fb3f543cff7f4003837ca529300a%3A2%3A%7Bi%3A0%3Bs%3A14%3A%22_csrf-frontend%22%3Bi%3A1%3Bs%3A32%3A%22DsrBiN80qN482g9_Qxh1nIYekZlvXeF5%22%3B%7D'
    'HTTP_CONNECTION' => 'keep-alive'
    'HTTP_UPGRADE_INSECURE_REQUESTS' => '1'
    'PATH' => 'C:\\WINDOWS\\system32;C:\\WINDOWS;C:\\WINDOWS\\System32\\Wbem;C:\\WINDOWS\\System32\\WindowsPowerShell\\v1.0\\;C:\\Program Files (x86)\\AMD\\ATI.ACE\\Core-Static;C:\\Program Files (x86)\\ATI Technologies\\ATI.ACE\\Core-Static;;E:\\软件\\Git\\cmd;'
    'SystemRoot' => 'C:\\WINDOWS'
    'COMSPEC' => 'C:\\WINDOWS\\system32\\cmd.exe'
    'PATHEXT' => '.COM;.EXE;.BAT;.CMD;.VBS;.VBE;.JS;.JSE;.WSF;.WSH;.MSC'
    'WINDIR' => 'C:\\WINDOWS'
    'SERVER_SIGNATURE' => ''
    'SERVER_SOFTWARE' => 'Apache/2.4.23 (Win32) OpenSSL/1.0.2j PHP/5.5.38'
    'SERVER_NAME' => 'www.wangzhentao.com'
    'SERVER_ADDR' => '127.0.0.1'
    'SERVER_PORT' => '80'
    'REMOTE_ADDR' => '127.0.0.1'
    'DOCUMENT_ROOT' => 'D:/WWW'
    'REQUEST_SCHEME' => 'http'
    'CONTEXT_PREFIX' => ''
    'CONTEXT_DOCUMENT_ROOT' => 'D:/WWW'
    'SERVER_ADMIN' => 'admin@phpStudy.net'
    'SCRIPT_FILENAME' => 'D:/WWW/php-11/xiangmu/duoxue/advanced/frontend/web/index.php'
    'REMOTE_PORT' => '53566'
    'GATEWAY_INTERFACE' => 'CGI/1.1'
    'SERVER_PROTOCOL' => 'HTTP/1.1'
    'REQUEST_METHOD' => 'GET'
    'QUERY_STRING' => 'r=teacher%2Fshow'
    'REQUEST_URI' => '/php-11/xiangmu/duoxue/advanced/frontend/web/index.php?r=teacher%2Fshow'
    'SCRIPT_NAME' => '/php-11/xiangmu/duoxue/advanced/frontend/web/index.php'
    'PHP_SELF' => '/php-11/xiangmu/duoxue/advanced/frontend/web/index.php'
    'REQUEST_TIME_FLOAT' => 1486968205.466
    'REQUEST_TIME' => 1486968205
]
